<?xml version="1.0" encoding="UTF-8" ?>
<testsuite tests="4" failures="0" name="com.example.MockTest" time="0.242" errors="0" skipped="0">
  <properties>
[...]
</properties>
  <testcase classname="com.example.MockTest" name="testReturnGetKitten" time="0.226"/>
  <testcase classname="com.example.MockTest" name="testReturnGetFood" time="0.016"/>
  <testcase classname="com.example.MockTest" name="testGetFood" time="0"/>
  <testcase classname="com.example.MockTest" name="testGetKitten" time="0"/>
</testsuite>